C:\USERS\ARAMIS\DOCUMENTS\VISUAL STUDIO 2012\PROJECTS\FORD-FULKERSON\REPOSITORY\FORD-FULKERSON-C-LANG\FORD-FULKERSON\DEBUG\VC110.PDB
C:\USERS\ARAMIS\DOCUMENTS\VISUAL STUDIO 2012\PROJECTS\FORD-FULKERSON\REPOSITORY\FORD-FULKERSON-C-LANG\FORD-FULKERSON\DEBUG\MAIN.OBJ
C:\USERS\ARAMIS\DOCUMENTS\VISUAL STUDIO 2012\PROJECTS\FORD-FULKERSON\REPOSITORY\FORD-FULKERSON-C-LANG\DEBUG\FORD-FULKERSON.ILK
C:\USERS\ARAMIS\DOCUMENTS\VISUAL STUDIO 2012\PROJECTS\FORD-FULKERSON\REPOSITORY\FORD-FULKERSON-C-LANG\DEBUG\FORD-FULKERSON.EXE
C:\USERS\ARAMIS\DOCUMENTS\VISUAL STUDIO 2012\PROJECTS\FORD-FULKERSON\REPOSITORY\FORD-FULKERSON-C-LANG\DEBUG\FORD-FULKERSON.PDB
C:\Users\Aramis\Documents\Visual Studio 2012\Projects\Ford-Fulkerson\repository\Ford-Fulkerson-C-Lang\Ford-Fulkerson\Debug\main.obj
C:\Users\Aramis\Documents\Visual Studio 2012\Projects\Ford-Fulkerson\repository\Ford-Fulkerson-C-Lang\Ford-Fulkerson\Debug\cl.command.1.tlog
C:\Users\Aramis\Documents\Visual Studio 2012\Projects\Ford-Fulkerson\repository\Ford-Fulkerson-C-Lang\Ford-Fulkerson\Debug\CL.read.1.tlog
C:\Users\Aramis\Documents\Visual Studio 2012\Projects\Ford-Fulkerson\repository\Ford-Fulkerson-C-Lang\Ford-Fulkerson\Debug\CL.write.1.tlog
C:\Users\Aramis\Documents\Visual Studio 2012\Projects\Ford-Fulkerson\repository\Ford-Fulkerson-C-Lang\Ford-Fulkerson\Debug\link-cvtres.read.1.tlog
C:\Users\Aramis\Documents\Visual Studio 2012\Projects\Ford-Fulkerson\repository\Ford-Fulkerson-C-Lang\Ford-Fulkerson\Debug\link-cvtres.write.1.tlog
C:\Users\Aramis\Documents\Visual Studio 2012\Projects\Ford-Fulkerson\repository\Ford-Fulkerson-C-Lang\Ford-Fulkerson\Debug\link-rc.read.1.tlog
C:\Users\Aramis\Documents\Visual Studio 2012\Projects\Ford-Fulkerson\repository\Ford-Fulkerson-C-Lang\Ford-Fulkerson\Debug\link-rc.write.1.tlog
C:\Users\Aramis\Documents\Visual Studio 2012\Projects\Ford-Fulkerson\repository\Ford-Fulkerson-C-Lang\Ford-Fulkerson\Debug\link.command.1.tlog
C:\Users\Aramis\Documents\Visual Studio 2012\Projects\Ford-Fulkerson\repository\Ford-Fulkerson-C-Lang\Ford-Fulkerson\Debug\link.read.1.tlog
C:\Users\Aramis\Documents\Visual Studio 2012\Projects\Ford-Fulkerson\repository\Ford-Fulkerson-C-Lang\Ford-Fulkerson\Debug\link.write.1.tlog
C:\Users\Aramis\Documents\Visual Studio 2012\Projects\Ford-Fulkerson\repository\Ford-Fulkerson-C-Lang\Ford-Fulkerson\Debug\vc110.idb
C:\Users\Aramis\Documents\Visual Studio 2012\Projects\Ford-Fulkerson\repository\Ford-Fulkerson-C-Lang\Ford-Fulkerson\Debug\vc110.pdb
C:\Users\Aramis\Documents\Visual Studio 2012\Projects\Ford-Fulkerson\repository\Ford-Fulkerson-C-Lang\Debug\Ford-Fulkerson.pdb
C:\Users\Aramis\Documents\Visual Studio 2012\Projects\Ford-Fulkerson\repository\Ford-Fulkerson-C-Lang\Debug\Ford-Fulkerson.exe
C:\Users\Aramis\Documents\Visual Studio 2012\Projects\Ford-Fulkerson\repository\Ford-Fulkerson-C-Lang\Debug\Ford-Fulkerson.ilk
